[LOG] System::create                           : Header version = 1.10.06. Current version = 1.10.06.
[LOG] SystemI::setOutputInternal               : Setting output to 'FMOD WASAPI Output'
[LOG] Manager::init                            : maxchannels = 1024 studioflags = 00000009 flags 00000000 extradriverdata 0000000000000000.
[LOG] SystemI::init                            : Initialize version=11006 (95384), maxchannels=1024, flags=0x00030000
[LOG] OutputWASAPI::init                       : Mix Format (WAVEFORMATEX): wFormatTag=0xFFFE, nChannels=2, nSamplesPerSec=44100, nAvgBytesPerSec=352800, nBlockAlign=8, wBitsPerSample=32, cbSize=22.
[LOG] OutputWASAPI::init                       : Mix Format (WAVEFORMATEXTENSIBLE): wValidBitsPerSample=32, dwChannelMask=0x00000003, SubFormat=00000003-0000-0010-8000-00AA00389B71.
[LOG] OutputWASAPI::init                       : Output buffer size: 3760 samples, latency: 0.00ms, period: 10.00ms, DSP buffer: 1024 * 4
[WRN] SystemI::init                            : Output requires a sample rate of 44100Hz, resampling will occur.
[LOG] Thread::initThread                       : Init FMOD stream thread. Priority: 2, Stack Size: 65536, Semaphore: No, Sleep Time: 10, Looping: Yes.
[LOG] SystemI::DSPCodecPoolRegister            : register codec pool for pool type 5
[LOG] Thread::initThread                       : Init FMOD mixer thread. Priority: 3, Stack Size: 49152, Semaphore: No, Sleep Time: 0, Looping: Yes.
[LOG] AsyncManager::init                       : manager 0000000060C3FC58 isAsync 1 updatePeriod 0.02
[LOG] Thread::initThread                       : Init FMOD Studio update thread. Priority: 0, Stack Size: 65536, Semaphore: No, Sleep Time: 1, Looping: No.
[LOG] AsyncManager::init                       : done
[LOG] PlaybackSystem::init                     : 
[LOG] Thread::initThread                       : Init FMOD Studio sample load thread. Priority: 0, Stack Size: 65536, Semaphore: No, Sleep Time: 1, Looping: No.
[LOG] PlaybackSystem::init                     : done
[LOG] LiveUpdate::init                         : 
[LOG] Thread::initThread                       : Init FMOD Studio bank load thread. Priority: 0, Stack Size: 65536, Semaphore: No, Sleep Time: 1, Looping: No.
[LOG] Manager::init                            : done.
[LOG] Profile::init                            : Profiler listening on port: 9264
[LOG] Manager::readBank                        : fileversion = 100, compatVersion = 99 (oldest = 44, newest = 100)
[LOG] Manager::readBank                        : fileversion = 100, compatVersion = 99 (oldest = 44, newest = 100)
[LOG] PlaybackSystem::acquireMasterBus         : Setting master channel group format to 3
[LOG] SystemI::createSoundInternal             : Create name='', mode=0x02000202
[LOG] SystemI::createSoundInternal             : exinfo->cbsize             = 232
[LOG] SystemI::createSoundInternal             : exinfo->length             = 4065088
[LOG] SystemI::createSoundInternal             : exinfo->fileoffset         = 32672
[LOG] SystemI::createSoundInternal             : exinfo->numsubsounds       = 1
[LOG] SystemI::createSoundInternal             : exinfo->inclusionlist      = 00000000FF4FF5FC
[LOG] SystemI::createSoundInternal             : exinfo->inclusionlistnum   = 1
[LOG] SystemI::createSoundInternal             : exinfo->suggestedsoundtype = 5
[LOG] SystemI::createSoundInternal             : exinfo->useropen           = 00007FF8D8DDE4B0
[LOG] SystemI::createSoundInternal             : exinfo->userclose          = 00007FF8D8DDE480
[LOG] SystemI::createSoundInternal             : exinfo->userread           = 00007FF8D8DDE580
[LOG] SystemI::createSoundInternal             : exinfo->userseek           = 00007FF8D8DDE640
[LOG] SystemI::createSoundInternal             : exinfo->fileuserdata       = 000000006502F2B8
[LOG] SystemI::createSoundInternal             : exinfo->initialseekpostype = 1
[LOG] SystemI::DSPCodecPoolRegister            : register codec pool for pool type 5
[LOG] SystemI::createSoundInternal             : Sample 0/1: name='LaserSound', format=2, channels=1, frequency=48000, lengthbytes=8768, lengthpcm=53765, pcmblocksize=0, loopstart=0, loopend=0, mode=0x00000000, channelmask=0x00000000, channelorder=0, peakvolume=0.585022.
[LOG] SystemI::createSoundInternal             : Create name='', mode=0x02000202
[LOG] SystemI::createSoundInternal             : exinfo->cbsize             = 232
[LOG] SystemI::createSoundInternal             : exinfo->length             = 4065088
[LOG] SystemI::createSoundInternal             : exinfo->fileoffset         = 32672
[LOG] SystemI::createSoundInternal             : exinfo->numsubsounds       = 1
[LOG] SystemI::createSoundInternal             : exinfo->inclusionlist      = 00000000FF4FF5FC
[LOG] SystemI::createSoundInternal             : exinfo->inclusionlistnum   = 1
[LOG] SystemI::createSoundInternal             : exinfo->suggestedsoundtype = 5
[LOG] SystemI::createSoundInternal             : exinfo->useropen           = 00007FF8D8DDE4B0
[LOG] SystemI::createSoundInternal             : exinfo->userclose          = 00007FF8D8DDE480
[LOG] SystemI::createSoundInternal             : exinfo->userread           = 00007FF8D8DDE580
[LOG] SystemI::createSoundInternal             : exinfo->userseek           = 00007FF8D8DDE640
[LOG] SystemI::createSoundInternal             : exinfo->fileuserdata       = 000000006502F2B8
[LOG] SystemI::createSoundInternal             : exinfo->initialseekpostype = 1
[LOG] SystemI::DSPCodecPoolRegister            : register codec pool for pool type 5
[LOG] SystemI::createSoundInternal             : Sample 0/1: name='Music_Drone', format=2, channels=2, frequency=48000, lengthbytes=79232, lengthpcm=418909, pcmblocksize=0, loopstart=0, loopend=0, mode=0x00000000, channelmask=0x00000000, channelorder=0, peakvolume=0.926208.
[LOG] SystemI::createSoundInternal             : Create name='', mode=0x02000202
[LOG] SystemI::createSoundInternal             : exinfo->cbsize             = 232
[LOG] SystemI::createSoundInternal             : exinfo->length             = 4065088
[LOG] SystemI::createSoundInternal             : exinfo->fileoffset         = 32672
[LOG] SystemI::createSoundInternal             : exinfo->numsubsounds       = 1
[LOG] SystemI::createSoundInternal             : exinfo->inclusionlist      = 00000000FF4FF5FC
[LOG] SystemI::createSoundInternal             : exinfo->inclusionlistnum   = 1
[LOG] SystemI::createSoundInternal             : exinfo->suggestedsoundtype = 5
[LOG] SystemI::createSoundInternal             : exinfo->useropen           = 00007FF8D8DDE4B0
[LOG] SystemI::createSoundInternal             : exinfo->userclose          = 00007FF8D8DDE480
[LOG] SystemI::createSoundInternal             : exinfo->userread           = 00007FF8D8DDE580
[LOG] SystemI::createSoundInternal             : exinfo->userseek           = 00007FF8D8DDE640
[LOG] SystemI::createSoundInternal             : exinfo->fileuserdata       = 000000006502F2B8
[LOG] SystemI::createSoundInternal             : exinfo->initialseekpostype = 1
[LOG] SystemI::DSPCodecPoolRegister            : register codec pool for pool type 5
[LOG] SystemI::createSoundInternal             : Sample 0/1: name='PacMove_1', format=2, channels=1, frequency=48000, lengthbytes=11904, lengthpcm=80911, pcmblocksize=0, loopstart=0, loopend=0, mode=0x00000000, channelmask=0x00000000, channelorder=0, peakvolume=0.494080.
[LOG] Thread::initThread                       : Init FMOD profiler thread (recv). Priority: 0, Stack Size: 131072, Semaphore: No, Sleep Time: 0, Looping: No.
[LOG] Thread::initThread                       : Init FMOD profiler thread (send). Priority: 0, Stack Size: 131072, Semaphore: No, Sleep Time: 0, Looping: No.
[LOG] LiveUpdate::clientConnected              : client = 0000000041D9AC18
[LOG] LiveUpdate::readPacket                   : Accepting init message for client 0000000041D9AC18
[LOG] LiveUpdate::transitionToConnected        : 
[LOG] Manager::sendConnectTimeHash             : 
[LOG] LiveUpdate::sendBankHash                 : 
[LOG] LiveUpdate::sendBankHash                 : 
[LOG] LiveUpdate::sendBankHash                 : 
[LOG] LiveUpdate::acceptInitPacket             : Client 0000000041D9AC18 connected, entering connected state
[LOG] SystemI::createSoundInternal             : Create name='', mode=0x02000202
[LOG] SystemI::createSoundInternal             : exinfo->cbsize             = 232
[LOG] SystemI::createSoundInternal             : exinfo->length             = 4065088
[LOG] SystemI::createSoundInternal             : exinfo->fileoffset         = 32672
[LOG] SystemI::createSoundInternal             : exinfo->numsubsounds       = 1
[LOG] SystemI::createSoundInternal             : exinfo->inclusionlist      = 00000000FF4FF5FC
[LOG] SystemI::createSoundInternal             : exinfo->inclusionlistnum   = 1
[LOG] SystemI::createSoundInternal             : exinfo->suggestedsoundtype = 5
[LOG] SystemI::createSoundInternal             : exinfo->useropen           = 00007FF8D8DDE4B0
[LOG] SystemI::createSoundInternal             : exinfo->userclose          = 00007FF8D8DDE480
[LOG] SystemI::createSoundInternal             : exinfo->userread           = 00007FF8D8DDE580
[LOG] SystemI::createSoundInternal             : exinfo->userseek           = 00007FF8D8DDE640
[LOG] SystemI::createSoundInternal             : exinfo->fileuserdata       = 0000000060FB6658
[LOG] SystemI::createSoundInternal             : exinfo->initialseekpostype = 1
[LOG] SystemI::DSPCodecPoolRegister            : register codec pool for pool type 5
[LOG] SystemI::createSoundInternal             : Sample 0/1: name='EnemyExplosion_1', format=2, channels=2, frequency=48000, lengthbytes=15712, lengthpcm=58105, pcmblocksize=0, loopstart=0, loopend=0, mode=0x00000000, channelmask=0x00000000, channelorder=0, peakvolume=0.637756.
[LOG] SystemI::createSoundInternal             : Create name='', mode=0x02000202
[LOG] SystemI::createSoundInternal             : exinfo->cbsize             = 232
[LOG] SystemI::createSoundInternal             : exinfo->length             = 4065088
[LOG] SystemI::createSoundInternal             : exinfo->fileoffset         = 32672
[LOG] SystemI::createSoundInternal             : exinfo->numsubsounds       = 1
[LOG] SystemI::createSoundInternal             : exinfo->inclusionlist      = 00000000FF4FF5FC
[LOG] SystemI::createSoundInternal             : exinfo->inclusionlistnum   = 1
[LOG] SystemI::createSoundInternal             : exinfo->suggestedsoundtype = 5
[LOG] SystemI::createSoundInternal             : exinfo->useropen           = 00007FF8D8DDE4B0
[LOG] SystemI::createSoundInternal             : exinfo->userclose          = 00007FF8D8DDE480
[LOG] SystemI::createSoundInternal             : exinfo->userread           = 00007FF8D8DDE580
[LOG] SystemI::createSoundInternal             : exinfo->userseek           = 00007FF8D8DDE640
[LOG] SystemI::createSoundInternal             : exinfo->fileuserdata       = 000000005C8399D8
[LOG] SystemI::createSoundInternal             : exinfo->initialseekpostype = 1
[LOG] SystemI::DSPCodecPoolRegister            : register codec pool for pool type 5
[LOG] SystemI::createSoundInternal             : Sample 0/1: name='GetPEllet01', format=2, channels=1, frequency=48000, lengthbytes=4096, lengthpcm=30107, pcmblocksize=0, loopstart=0, loopend=0, mode=0x00000000, channelmask=0x00000000, channelorder=0, peakvolume=0.648926.
[LOG] SystemI::createSoundInternal             : Create name='', mode=0x02000202
[LOG] SystemI::createSoundInternal             : exinfo->cbsize             = 232
[LOG] SystemI::createSoundInternal             : exinfo->length             = 4065088
[LOG] SystemI::createSoundInternal             : exinfo->fileoffset         = 32672
[LOG] SystemI::createSoundInternal             : exinfo->numsubsounds       = 1
[LOG] SystemI::createSoundInternal             : exinfo->inclusionlist      = 00000000FF4FF5FC
[LOG] SystemI::createSoundInternal             : exinfo->inclusionlistnum   = 1
[LOG] SystemI::createSoundInternal             : exinfo->suggestedsoundtype = 5
[LOG] SystemI::createSoundInternal             : exinfo->useropen           = 00007FF8D8DDE4B0
[LOG] SystemI::createSoundInternal             : exinfo->userclose          = 00007FF8D8DDE480
[LOG] SystemI::createSoundInternal             : exinfo->userread           = 00007FF8D8DDE580
[LOG] SystemI::createSoundInternal             : exinfo->userseek           = 00007FF8D8DDE640
[LOG] SystemI::createSoundInternal             : exinfo->fileuserdata       = 000000005C8399D8
[LOG] SystemI::createSoundInternal             : exinfo->initialseekpostype = 1
[LOG] SystemI::DSPCodecPoolRegister            : register codec pool for pool type 5
[LOG] SystemI::createSoundInternal             : Sample 0/1: name='GetPEllet04', format=2, channels=1, frequency=48000, lengthbytes=5344, lengthpcm=38086, pcmblocksize=0, loopstart=0, loopend=0, mode=0x00000000, channelmask=0x00000000, channelorder=0, peakvolume=0.579926.
[LOG] SystemI::createSoundInternal             : Create name='', mode=0x02000202
[LOG] SystemI::createSoundInternal             : exinfo->cbsize             = 232
[LOG] SystemI::createSoundInternal             : exinfo->length             = 4065088
[LOG] SystemI::createSoundInternal             : exinfo->fileoffset         = 32672
[LOG] SystemI::createSoundInternal             : exinfo->numsubsounds       = 1
[LOG] SystemI::createSoundInternal             : exinfo->inclusionlist      = 00000000FF4FF5FC
[LOG] SystemI::createSoundInternal             : exinfo->inclusionlistnum   = 1
[LOG] SystemI::createSoundInternal             : exinfo->suggestedsoundtype = 5
[LOG] SystemI::createSoundInternal             : exinfo->useropen           = 00007FF8D8DDE4B0
[LOG] SystemI::createSoundInternal             : exinfo->userclose          = 00007FF8D8DDE480
[LOG] SystemI::createSoundInternal             : exinfo->userread           = 00007FF8D8DDE580
[LOG] SystemI::createSoundInternal             : exinfo->userseek           = 00007FF8D8DDE640
[LOG] SystemI::createSoundInternal             : exinfo->fileuserdata       = 000000005C8399D8
[LOG] SystemI::createSoundInternal             : exinfo->initialseekpostype = 1
[LOG] SystemI::DSPCodecPoolRegister            : register codec pool for pool type 5
[LOG] SystemI::createSoundInternal             : Sample 0/1: name='GetPEllet204', format=2, channels=1, frequency=48000, lengthbytes=3712, lengthpcm=36137, pcmblocksize=0, loopstart=0, loopend=0, mode=0x00000000, channelmask=0x00000000, channelorder=0, peakvolume=0.541016.
[LOG] SystemI::createSoundInternal             : Create name='', mode=0x02000202
[LOG] SystemI::createSoundInternal             : exinfo->cbsize             = 232
[LOG] SystemI::createSoundInternal             : exinfo->length             = 4065088
[LOG] SystemI::createSoundInternal             : exinfo->fileoffset         = 32672
[LOG] SystemI::createSoundInternal             : exinfo->numsubsounds       = 1
[LOG] SystemI::createSoundInternal             : exinfo->inclusionlist      = 00000000FF4FF5FC
[LOG] SystemI::createSoundInternal             : exinfo->inclusionlistnum   = 1
[LOG] SystemI::createSoundInternal             : exinfo->suggestedsoundtype = 5
[LOG] SystemI::createSoundInternal             : exinfo->useropen           = 00007FF8D8DDE4B0
[LOG] SystemI::createSoundInternal             : exinfo->userclose          = 00007FF8D8DDE480
[LOG] SystemI::createSoundInternal             : exinfo->userread           = 00007FF8D8DDE580
[LOG] SystemI::createSoundInternal             : exinfo->userseek           = 00007FF8D8DDE640
[LOG] SystemI::createSoundInternal             : exinfo->fileuserdata       = 000000005C8399D8
[LOG] SystemI::createSoundInternal             : exinfo->initialseekpostype = 1
[LOG] SystemI::DSPCodecPoolRegister            : register codec pool for pool type 5
[LOG] SystemI::createSoundInternal             : Sample 0/1: name='GetPEllet203', format=2, channels=1, frequency=48000, lengthbytes=4768, lengthpcm=31425, pcmblocksize=0, loopstart=0, loopend=0, mode=0x00000000, channelmask=0x00000000, channelorder=0, peakvolume=0.706848.
[LOG] SystemI::createSoundInternal             : Create name='', mode=0x02000202
[LOG] SystemI::createSoundInternal             : exinfo->cbsize             = 232
[LOG] SystemI::createSoundInternal             : exinfo->length             = 4065088
[LOG] SystemI::createSoundInternal             : exinfo->fileoffset         = 32672
[LOG] SystemI::createSoundInternal             : exinfo->numsubsounds       = 1
[LOG] SystemI::createSoundInternal             : exinfo->inclusionlist      = 00000000FF4FF5FC
[LOG] SystemI::createSoundInternal             : exinfo->inclusionlistnum   = 1
[LOG] SystemI::createSoundInternal             : exinfo->suggestedsoundtype = 5
[LOG] SystemI::createSoundInternal             : exinfo->useropen           = 00007FF8D8DDE4B0
[LOG] SystemI::createSoundInternal             : exinfo->userclose          = 00007FF8D8DDE480
[LOG] SystemI::createSoundInternal             : exinfo->userread           = 00007FF8D8DDE580
[LOG] SystemI::createSoundInternal             : exinfo->userseek           = 00007FF8D8DDE640
[LOG] SystemI::createSoundInternal             : exinfo->fileuserdata       = 000000005C8399D8
[LOG] SystemI::createSoundInternal             : exinfo->initialseekpostype = 1
[LOG] SystemI::DSPCodecPoolRegister            : register codec pool for pool type 5
[LOG] SystemI::createSoundInternal             : Sample 0/1: name='GetPEllet201', format=2, channels=1, frequency=48000, lengthbytes=4416, lengthpcm=33699, pcmblocksize=0, loopstart=0, loopend=0, mode=0x00000000, channelmask=0x00000000, channelorder=0, peakvolume=0.539703.
[LOG] SystemI::createSoundInternal             : Create name='', mode=0x02000202
[LOG] SystemI::createSoundInternal             : exinfo->cbsize             = 232
[LOG] SystemI::createSoundInternal             : exinfo->length             = 4065088
[LOG] SystemI::createSoundInternal             : exinfo->fileoffset         = 32672
[LOG] SystemI::createSoundInternal             : exinfo->numsubsounds       = 1
[LOG] SystemI::createSoundInternal             : exinfo->inclusionlist      = 00000000FF4FF5FC
[LOG] SystemI::createSoundInternal             : exinfo->inclusionlistnum   = 1
[LOG] SystemI::createSoundInternal             : exinfo->suggestedsoundtype = 5
[LOG] SystemI::createSoundInternal             : exinfo->useropen           = 00007FF8D8DDE4B0
[LOG] SystemI::createSoundInternal             : exinfo->userclose          = 00007FF8D8DDE480
[LOG] SystemI::createSoundInternal             : exinfo->userread           = 00007FF8D8DDE580
[LOG] SystemI::createSoundInternal             : exinfo->userseek           = 00007FF8D8DDE640
[LOG] SystemI::createSoundInternal             : exinfo->fileuserdata       = 000000005C8399D8
[LOG] SystemI::createSoundInternal             : exinfo->initialseekpostype = 1
[LOG] SystemI::DSPCodecPoolRegister            : register codec pool for pool type 5
[LOG] SystemI::createSoundInternal             : Sample 0/1: name='GetPEllet02', format=2, channels=1, frequency=48000, lengthbytes=4128, lengthpcm=29330, pcmblocksize=0, loopstart=0, loopend=0, mode=0x00000000, channelmask=0x00000000, channelorder=0, peakvolume=0.557739.
[LOG] SystemI::createSoundInternal             : Create name='', mode=0x02000202
[LOG] SystemI::createSoundInternal             : exinfo->cbsize             = 232
[LOG] SystemI::createSoundInternal             : exinfo->length             = 4065088
[LOG] SystemI::createSoundInternal             : exinfo->fileoffset         = 32672
[LOG] SystemI::createSoundInternal             : exinfo->numsubsounds       = 1
[LOG] SystemI::createSoundInternal             : exinfo->inclusionlist      = 00000000FF4FF5FC
[LOG] SystemI::createSoundInternal             : exinfo->inclusionlistnum   = 1
[LOG] SystemI::createSoundInternal             : exinfo->suggestedsoundtype = 5
[LOG] SystemI::createSoundInternal             : exinfo->useropen           = 00007FF8D8DDE4B0
[LOG] SystemI::createSoundInternal             : exinfo->userclose          = 00007FF8D8DDE480
[LOG] SystemI::createSoundInternal             : exinfo->userread           = 00007FF8D8DDE580
[LOG] SystemI::createSoundInternal             : exinfo->userseek           = 00007FF8D8DDE640
[LOG] SystemI::createSoundInternal             : exinfo->fileuserdata       = 000000005C8399D8
[LOG] SystemI::createSoundInternal             : exinfo->initialseekpostype = 1
[LOG] SystemI::DSPCodecPoolRegister            : register codec pool for pool type 5
[LOG] SystemI::createSoundInternal             : Sample 0/1: name='GetPEllet03', format=2, channels=1, frequency=48000, lengthbytes=4384, lengthpcm=32481, pcmblocksize=0, loopstart=0, loopend=0, mode=0x00000000, channelmask=0x00000000, channelorder=0, peakvolume=0.543732.
[LOG] SystemI::createSound                     : filename = C:\Users\John\Documents\GitHub\Gam-Jam-Week-50-Pac-Man\Week 50 FMOD Session\Build\Desktop/Master Bank.bank : mode 02010082
[LOG] SystemI::createSound                     : FMOD_NONBLOCKING specified.  Putting into queue to be opened asynchronously!
[LOG] SystemI::createSound                     : setdata soundi = 000000004A316BB8 : node = 00000000422A5620
[LOG] SystemI::createSound                     : add node to async list : head = 000000004590BF28.  list count = 0
[LOG] AsyncThread::threadFunc                  : Starting Asynchronous operation on sound 000000004A316BB8
[LOG] SystemI::createSound                     : filename = C:\Users\John\Documents\GitHub\Gam-Jam-Week-50-Pac-Man\Week 50 FMOD Session\Build\Desktop/Master Bank.bank : mode 02010082
[LOG] SystemI::createSoundInternal             :     Create name='C:\Users\John\Documents\GitHub\Gam-Jam-Week-50-Pac-Man\Week 50 FMOD Session\Build\Desktop/Master Bank.bank', mode=0x02010082
[LOG] SystemI::createSound                     :     FMOD_NONBLOCKING specified.  Putting into queue to be opened asynchronously!
[LOG] SystemI::createSoundInternal             :     exinfo->cbsize             = 232
[LOG] SystemI::createSound                     :     setdata soundi = 000000004A315E38 : node = 00000000422A5770
[LOG] SystemI::createSoundInternal             :     exinfo->length             = 4065088
[LOG] SystemI::createSound                     :     add node to async list : head = 000000004590BF28.  list count = 0
[LOG] SystemI::createSoundInternal             :     exinfo->fileoffset         = 32672
[LOG] SystemI::createSound                     :     filename = C:\Users\John\Documents\GitHub\Gam-Jam-Week-50-Pac-Man\Week 50 FMOD Session\Build\Desktop/Master Bank.bank : mode 02010082
[LOG] SystemI::createSoundInternal             :     exinfo->numsubsounds       = 1
[LOG] SystemI::createSound                     :     FMOD_NONBLOCKING specified.  Putting into queue to be opened asynchronously!
[LOG] SystemI::createSoundInternal             :     exinfo->inclusionlist      = 00000000422A5738
[LOG] SystemI::createSound                     :     setdata soundi = 000000004A315FE8 : node = 00000000422A5A10
[LOG] SystemI::createSoundInternal             :     exinfo->inclusionlistnum   = 1
[LOG] SystemI::createSound                     :     add node to async list : head = 000000004590BF28.  list count = 1
[LOG] SystemI::createSoundInternal             :     exinfo->suggestedsoundtype = 5
[LOG] SystemI::createSound                     :     filename = C:\Users\John\Documents\GitHub\Gam-Jam-Week-50-Pac-Man\Week 50 FMOD Session\Build\Desktop/Master Bank.bank : mode 02010082
[LOG] SystemI::createSoundInternal             :     exinfo->initialseekpostype = 1
[LOG] SystemI::createSound                     :     FMOD_NONBLOCKING specified.  Putting into queue to be opened asynchronously!
[LOG] SystemI::createSound                     :     setdata soundi = 000000004A316198 : node = 00000000422A58C0
[LOG] SystemI::createSound                     :     add node to async list : head = 000000004590BF28.  list count = 2
[LOG] SystemI::createSound                     :     filename = C:\Users\John\Documents\GitHub\Gam-Jam-Week-50-Pac-Man\Week 50 FMOD Session\Build\Desktop/Master Bank.bank : mode 02010082
[LOG] SystemI::createSound                     :     FMOD_NONBLOCKING specified.  Putting into queue to be opened asynchronously!
[LOG] SystemI::createSound                     :     setdata soundi = 000000004A316348 : node = 00000000422A5B60
[LOG] SystemI::createSound                     :     add node to async list : head = 000000004590BF28.  list count = 3
[LOG] SystemI::createSound                     :     filename = C:\Users\John\Documents\GitHub\Gam-Jam-Week-50-Pac-Man\Week 50 FMOD Session\Build\Desktop/Master Bank.bank : mode 02010082
[LOG] SystemI::createSound                     :     FMOD_NONBLOCKING specified.  Putting into queue to be opened asynchronously!
[LOG] SystemI::createSound                     :     setdata soundi = 000000004A316858 : node = 000000005D031A40
[LOG] SystemI::createSound                     :     add node to async list : head = 000000004590BF28.  list count = 4
[LOG] SystemI::createSound                     :     filename = C:\Users\John\Documents\GitHub\Gam-Jam-Week-50-Pac-Man\Week 50 FMOD Session\Build\Desktop/Master Bank.bank : mode 02010082
[LOG] SystemI::createSound                     :     FMOD_NONBLOCKING specified.  Putting into queue to be opened asynchronously!
[LOG] SystemI::createSound                     :     setdata soundi = 000000004A3166A8 : node = 000000005D031260
[LOG] SystemI::createSound                     :     add node to async list : head = 000000004590BF28.  list count = 5
[LOG] SystemI::createSoundInternal             :     Stream 0/1: name='Music', format=2, channels=2, frequency=48000, lengthbytes=676096, lengthpcm=3351272, pcmblocksize=0, loopstart=0, loopend=0, mode=0x00000000, channelmask=0x00000000, channelorder=0, peakvolume=0.494507.
[LOG] AsyncThread::threadFunc                  : Finished Asynchronous operation on sound 000000004A316BB8
[LOG] AsyncThread::threadFunc                  : Starting Asynchronous operation on sound 000000004A315E38
[LOG] SystemI::createSoundInternal             :     Create name='C:\Users\John\Documents\GitHub\Gam-Jam-Week-50-Pac-Man\Week 50 FMOD Session\Build\Desktop/Master Bank.bank', mode=0x02010082
[LOG] SystemI::createSoundInternal             :     exinfo->cbsize             = 232
[LOG] SystemI::createSoundInternal             :     exinfo->length             = 4065088
[LOG] SystemI::createSoundInternal             :     exinfo->fileoffset         = 32672
[LOG] SystemI::createSoundInternal             :     exinfo->numsubsounds       = 1
[LOG] SystemI::createSoundInternal             :     exinfo->inclusionlist      = 00000000422A5888
[LOG] SystemI::createSoundInternal             :     exinfo->inclusionlistnum   = 1
[LOG] SystemI::createSoundInternal             :     exinfo->suggestedsoundtype = 5
[LOG] SystemI::createSoundInternal             :     exinfo->initialseekpostype = 1
[LOG] SystemI::createSoundInternal             :     Stream 0/1: name='Music_Chords', format=2, channels=1, frequency=48000, lengthbytes=393536, lengthpcm=3351272, pcmblocksize=0, loopstart=0, loopend=0, mode=0x00000000, channelmask=0x00000000, channelorder=0, peakvolume=0.509583.
[LOG] AsyncThread::threadFunc                  : Finished Asynchronous operation on sound 000000004A315E38
[LOG] AsyncThread::threadFunc                  : Starting Asynchronous operation on sound 000000004A315FE8
[LOG] SystemI::createSoundInternal             :     Create name='C:\Users\John\Documents\GitHub\Gam-Jam-Week-50-Pac-Man\Week 50 FMOD Session\Build\Desktop/Master Bank.bank', mode=0x02010082
[LOG] SystemI::createSoundInternal             :     exinfo->cbsize             = 232
[LOG] SystemI::createSoundInternal             :     exinfo->length             = 4065088
[LOG] SystemI::createSoundInternal             :     exinfo->fileoffset         = 32672
[LOG] SystemI::createSoundInternal             :     exinfo->numsubsounds       = 1
[LOG] SystemI::createSoundInternal             :     exinfo->inclusionlist      = 00000000422A5B28
[LOG] SystemI::createSoundInternal             :     exinfo->inclusionlistnum   = 1
[LOG] SystemI::createSoundInternal             :     exinfo->suggestedsoundtype = 5
[LOG] SystemI::createSoundInternal             :     exinfo->initialseekpostype = 1
[LOG] SystemI::createSoundInternal             :     Stream 0/1: name='Music-002', format=2, channels=1, frequency=48000, lengthbytes=631168, lengthpcm=3351272, pcmblocksize=0, loopstart=0, loopend=0, mode=0x00000000, channelmask=0x00000000, channelorder=0, peakvolume=0.834991.
[LOG] AsyncThread::threadFunc                  : Finished Asynchronous operation on sound 000000004A315FE8
[LOG] AsyncThread::threadFunc                  : Starting Asynchronous operation on sound 000000004A316198
[LOG] SystemI::createSoundInternal             :     Create name='C:\Users\John\Documents\GitHub\Gam-Jam-Week-50-Pac-Man\Week 50 FMOD Session\Build\Desktop/Master Bank.bank', mode=0x02010082
[LOG] SystemI::createSoundInternal             :     exinfo->cbsize             = 232
[LOG] SystemI::createSoundInternal             :     exinfo->length             = 4065088
[LOG] SystemI::createSoundInternal             :     exinfo->fileoffset         = 32672
[LOG] SystemI::createSoundInternal             :     exinfo->numsubsounds       = 1
[LOG] SystemI::createSoundInternal             :     exinfo->inclusionlist      = 00000000422A59D8
[LOG] SystemI::createSoundInternal             :     exinfo->inclusionlistnum   = 1
[LOG] SystemI::createSoundInternal             :     exinfo->suggestedsoundtype = 5
[LOG] SystemI::createSoundInternal             :     exinfo->initialseekpostype = 1
[LOG] SystemI::createSoundInternal             :     Stream 0/1: name='Music_Chords-001', format=2, channels=1, frequency=48000, lengthbytes=574432, lengthpcm=3351272, pcmblocksize=0, loopstart=0, loopend=0, mode=0x00000000, channelmask=0x00000000, channelorder=0, peakvolume=0.548676.
[LOG] AsyncThread::threadFunc                  : Finished Asynchronous operation on sound 000000004A316198
[LOG] AsyncThread::threadFunc                  : Starting Asynchronous operation on sound 000000004A316348
[LOG] SystemI::createSoundInternal             :     Create name='C:\Users\John\Documents\GitHub\Gam-Jam-Week-50-Pac-Man\Week 50 FMOD Session\Build\Desktop/Master Bank.bank', mode=0x02010082
[LOG] SystemI::createSoundInternal             :     exinfo->cbsize             = 232
[LOG] SystemI::createSoundInternal             :     exinfo->length             = 4065088
[LOG] SystemI::createSoundInternal             :     exinfo->fileoffset         = 32672
[LOG] SystemI::createSoundInternal             :     exinfo->numsubsounds       = 1
[LOG] SystemI::createSoundInternal             :     exinfo->inclusionlist      = 00000000422A5C78
[LOG] SystemI::createSoundInternal             :     exinfo->inclusionlistnum   = 1
[LOG] SystemI::createSoundInternal             :     exinfo->suggestedsoundtype = 5
[LOG] SystemI::createSoundInternal             :     exinfo->initialseekpostype = 1
[LOG] SystemI::createSoundInternal             :     Stream 0/1: name='Music-003', format=2, channels=1, frequency=48000, lengthbytes=515872, lengthpcm=3351272, pcmblocksize=0, loopstart=0, loopend=0, mode=0x00000000, channelmask=0x00000000, channelorder=0, peakvolume=0.863373.
[LOG] AsyncThread::threadFunc                  : Finished Asynchronous operation on sound 000000004A316348
[LOG] AsyncThread::threadFunc                  : Starting Asynchronous operation on sound 000000004A316858
[LOG] SystemI::createSoundInternal             :     Create name='C:\Users\John\Documents\GitHub\Gam-Jam-Week-50-Pac-Man\Week 50 FMOD Session\Build\Desktop/Master Bank.bank', mode=0x02010082
[LOG] SystemI::createSoundInternal             :     exinfo->cbsize             = 232
[LOG] SystemI::createSoundInternal             :     exinfo->length             = 4065088
[LOG] SystemI::createSoundInternal             :     exinfo->fileoffset         = 32672
[LOG] SystemI::createSoundInternal             :     exinfo->numsubsounds       = 1
[LOG] SystemI::createSoundInternal             :     exinfo->inclusionlist      = 000000005D031B58
[LOG] SystemI::createSoundInternal             :     exinfo->inclusionlistnum   = 1
[LOG] SystemI::createSoundInternal             :     exinfo->suggestedsoundtype = 5
[LOG] SystemI::createSoundInternal             :     exinfo->initialseekpostype = 1
[LOG] SystemI::createSoundInternal             :     Stream 0/1: name='Music_Chords-002', format=2, channels=1, frequency=48000, lengthbytes=690784, lengthpcm=3351272, pcmblocksize=0, loopstart=0, loopend=0, mode=0x00000000, channelmask=0x00000000, channelorder=0, peakvolume=0.456726.
[LOG] AsyncThread::threadFunc                  : Finished Asynchronous operation on sound 000000004A316858
[LOG] AsyncThread::threadFunc                  : Starting Asynchronous operation on sound 000000004A3166A8
[LOG] SystemI::createSoundInternal             :     Create name='C:\Users\John\Documents\GitHub\Gam-Jam-Week-50-Pac-Man\Week 50 FMOD Session\Build\Desktop/Master Bank.bank', mode=0x02010082
[LOG] SystemI::createSoundInternal             :     exinfo->cbsize             = 232
[LOG] SystemI::createSoundInternal             :     exinfo->length             = 4065088
[LOG] SystemI::createSoundInternal             :     exinfo->fileoffset         = 32672
[LOG] SystemI::createSoundInternal             :     exinfo->numsubsounds       = 1
[LOG] SystemI::createSoundInternal             :     exinfo->inclusionlist      = 000000005D031378
[LOG] SystemI::createSoundInternal             :     exinfo->inclusionlistnum   = 1
[LOG] SystemI::createSoundInternal             :     exinfo->suggestedsoundtype = 5
[LOG] SystemI::createSoundInternal             :     exinfo->initialseekpostype = 1
[LOG] SystemI::createSoundInternal             :     Stream 0/1: name='Music-001', format=2, channels=1, frequency=48000, lengthbytes=394304, lengthpcm=3351272, pcmblocksize=0, loopstart=0, loopend=0, mode=0x00000000, channelmask=0x00000000, channelorder=0, peakvolume=0.638702.
[LOG] AsyncThread::threadFunc                  : Finished Asynchronous operation on sound 000000004A3166A8
[LOG] SoundI::getSubSound                      : sound 000000004A316BB8.  Subsound index 0 / 1
[LOG] SoundI::getSubSound                      : sound 000000004A315E38.  Subsound index 0 / 1
[LOG] SoundI::getSubSound                      : sound 000000004A315FE8.  Subsound index 0 / 1
[LOG] SoundI::getSubSound                      : sound 000000004A316198.  Subsound index 0 / 1
[LOG] SoundI::getSubSound                      : sound 000000004A316348.  Subsound index 0 / 1
[LOG] SoundI::getSubSound                      : sound 000000004A316858.  Subsound index 0 / 1
[LOG] SoundI::getSubSound                      : sound 000000004A3166A8.  Subsound index 0 / 1
[LOG] AsyncThread::threadFunc                  : Starting Asynchronous operation on sound 000000004A024078
[LOG] AsyncThread::threadFunc                  : Finished Asynchronous operation on sound 000000004A024078
[LOG] AsyncThread::threadFunc                  : Starting Asynchronous operation on sound 000000004A024738
[LOG] AsyncThread::threadFunc                  : Finished Asynchronous operation on sound 000000004A024738
[LOG] AsyncThread::threadFunc                  : Starting Asynchronous operation on sound 000000004A024DF8
[LOG] AsyncThread::threadFunc                  : Finished Asynchronous operation on sound 000000004A024DF8
[LOG] AsyncThread::threadFunc                  : Starting Asynchronous operation on sound 000000004A024228
[LOG] AsyncThread::threadFunc                  : Finished Asynchronous operation on sound 000000004A024228
[LOG] AsyncThread::threadFunc                  : Starting Asynchronous operation on sound 000000004A0243D8
[LOG] AsyncThread::threadFunc                  : Finished Asynchronous operation on sound 000000004A0243D8
[LOG] SoundI::release                          : Music-001 (000000004A3166A8)
[LOG] SoundI::release                          :     Music-001 (0000000045686D98)
[LOG] SoundI::release                          :     Music-001 (000000004A0243D8)
[LOG] SoundI::release                          : Music_Chords-002 (000000004A316858)
[LOG] SoundI::release                          :     Music_Chords-002 (0000000045686BF8)
[LOG] SoundI::release                          :     Music_Chords-002 (000000004A024228)
[LOG] SoundI::release                          : Music-003 (000000004A316348)
[LOG] SoundI::release                          :     Music-003 (0000000045686A58)
[LOG] SoundI::release                          :     Music-003 (000000004A0248E8)
[LOG] SoundI::release                          : Music_Chords-001 (000000004A316198)
[LOG] SoundI::release                          :     Music_Chords-001 (00000000456868B8)
[LOG] SoundI::release                          :     Music_Chords-001 (000000004A024738)
[LOG] SoundI::release                          : Music-002 (000000004A315FE8)
[LOG] SoundI::release                          :     Music-002 (0000000042246B48)
[LOG] SoundI::release                          :     Music-002 (000000004A024588)
[LOG] SoundI::release                          : Music_Chords (000000004A315E38)
[LOG] SoundI::release                          :     Music_Chords (0000000042246668)
[LOG] SoundI::release                          :     Music_Chords (000000004A024078)
[LOG] SoundI::release                          : Music (000000004A316BB8)
[LOG] SoundI::release                          :     Music (00000000422469A8)
[LOG] SoundI::release                          :     Music (000000004A024DF8)
[LOG] SoundI::release                          :  (000000000E28D9B8)
[LOG] SoundI::release                          :     GetPEllet01 (0000000060CFC258)
[LOG] SoundI::release                          :  (000000000E28DB28)
[LOG] SoundI::release                          :     GetPEllet02 (0000000060CFCA78)
[LOG] SoundI::release                          :  (000000000E28DE08)
[LOG] SoundI::release                          :     GetPEllet03 (0000000060CFC598)
[LOG] SoundI::release                          :  (000000000E28D3F8)
[LOG] SoundI::release                          :     GetPEllet04 (0000000060CFCC18)
[LOG] SoundI::release                          :  (000000000E28D6D8)
[LOG] SoundI::release                          :     GetPEllet201 (0000000060CFCDB8)
[LOG] SoundI::release                          :  (000000000E28D848)
[LOG] SoundI::release                          :     GetPEllet203 (0000000060CFC3F8)
[LOG] SoundI::release                          :  (000000000E28DC98)
[LOG] SoundI::release                          :     GetPEllet204 (0000000060CFCF58)
[LOG] SoundI::release                          :  (000000000D5BC468)
[LOG] SoundI::release                          :     EnemyExplosion_1 (000000004A485908)
[LOG] SoundI::release                          :  (000000000E28D288)
[LOG] SoundI::release                          :     PacMove_1 (000000004217FCB8)
[LOG] SoundI::release                          :  (0000000060BE14C8)
[LOG] SoundI::release                          :     LaserSound (00000000614F3CE8)
[LOG] SoundI::release                          :  (000000000E28D568)
[LOG] SoundI::release                          :     Music_Drone (000000004217F7D8)
[LOG] Thread::callback                         : FMOD Studio update thread finished.
[LOG] Thread::callback                         : FMOD Studio bank load thread finished.
[LOG] ProfileClient::markForDead               : Closing client connection
[LOG] Profile::disconnectAll                   : Profiler disconnecting all clients
[LOG] FMOD_OS_Net_Read                         : Interrupted.[LOG] Thread::callback                         : FMOD profiler thread (send) finished.
[ERR] ProfileClient::recvThreadLoopFunction    : Recv thread loop returned 16
[LOG] Thread::callback                         : FMOD profiler thread (recv) finished.
[LOG] Thread::callback                         : FMOD Studio sample load thread finished.
[LOG] LiveUpdate::release                      : 
[LOG] LiveUpdate::reset                        : Reset connection (reason Disconnected)
[LOG] Thread::callback                         : FMOD stream thread finished.
[LOG] Thread::callback                         : FMOD mixer thread finished.
[LOG] Profile::disconnectAll                   : Profiler disconnecting all clients
[LOG] SystemI::close                           : Closed.
